<?xml version="1.0" encoding="UTF-8" standalone="no"?>
<!DOCTYPE log SYSTEM "logger.dtd">
<log>
<record>
  <date>2023-05-08T15:51:08.005195600Z</date>
  <millis>1683561068005</millis>
  <nanos>195600</nanos>
  <sequence>0</sequence>
  <logger>IMT.events.IncidentNetworkChangeEventGenerator</logger>
  <level>INFO</level>
  <class>IMT.events.IncidentNetworkChangeEventGenerator</class>
  <method>generateIncidentNetworkChangeEvents</method>
  <thread>1</thread>
  <message>IMT Log: Request ID incident_12, Link ID 12632, Full Capacity 112.00, Reduced Capacity 89.60, Start Time 24618.0, End Time 27600.0</message>
</record>
<record>
  <date>2023-05-08T15:51:08.101203500Z</date>
  <millis>1683561068101</millis>
  <nanos>203500</nanos>
  <sequence>1</sequence>
  <logger>IMT.events.ImtNetworkChangeEventGenerator</logger>
  <level>INFO</level>
  <class>IMT.events.ImtNetworkChangeEventGenerator</class>
  <method>addEventToNetwork</method>
  <thread>1</thread>
  <message>IMT Log: Arrival Time is less than incident End Time, Network Change Event Added Upon IMT Arrival. Request ID incident_12, # of IMTs 1, Full Capacity 112.00, Reduced Capacity 89.60, Current Capacity 106.40, Arrival Time 25882.821801269343</message>
</record>
<record>
  <date>2023-05-08T15:51:08.460753100Z</date>
  <millis>1683561068460</millis>
  <nanos>753100</nanos>
  <sequence>2</sequence>
  <logger>IMT.events.IncidentNetworkChangeEventGenerator</logger>
  <level>INFO</level>
  <class>IMT.events.IncidentNetworkChangeEventGenerator</class>
  <method>generateIncidentNetworkChangeEvents</method>
  <thread>1</thread>
  <message>IMT Log: Request ID incident_94, Link ID 15443, Full Capacity 112.00, Reduced Capacity 88.48, Start Time 28519.0, End Time 29400.0</message>
</record>
<record>
  <date>2023-05-08T15:51:08.506902300Z</date>
  <millis>1683561068506</millis>
  <nanos>902300</nanos>
  <sequence>3</sequence>
  <logger>IMT.events.ImtNetworkChangeEventGenerator</logger>
  <level>INFO</level>
  <class>IMT.optimizer.RequestHandler</class>
  <method>handleRequest</method>
  <thread>1</thread>
  <message>IMT Log: Arrival Time is greater than incident End Time, No IMT Network Change Event. Request ID incident_94, Arrival Time 31274.32428933544, End Time 29400.0</message>
</record>
<record>
  <date>2023-05-08T15:51:15.251640Z</date>
  <millis>1683561075251</millis>
  <nanos>640000</nanos>
  <sequence>4</sequence>
  <logger>IMT.events.IncidentNetworkChangeEventGenerator</logger>
  <level>INFO</level>
  <class>IMT.events.IncidentNetworkChangeEventGenerator</class>
  <method>generateIncidentNetworkChangeEvents</method>
  <thread>1</thread>
  <message>IMT Log: Request ID incident_23, Link ID 25876, Full Capacity 112.00, Reduced Capacity 56.00, Start Time 29817.0, End Time 34677.0</message>
</record>
<record>
  <date>2023-05-08T15:51:15.267605900Z</date>
  <millis>1683561075267</millis>
  <nanos>605900</nanos>
  <sequence>5</sequence>
  <logger>IMT.events.ImtNetworkChangeEventGenerator</logger>
  <level>INFO</level>
  <class>IMT.events.ImtNetworkChangeEventGenerator</class>
  <method>addEventToNetwork</method>
  <thread>1</thread>
  <message>IMT Log: Arrival Time is less than incident End Time, Network Change Event Added Upon IMT Arrival. Request ID incident_23, # of IMTs 2, Full Capacity 112.00, Reduced Capacity 56.00, Current Capacity 98.00, Arrival Time 33335.28150245577</message>
</record>
<record>
  <date>2023-05-08T15:51:15.269599200Z</date>
  <millis>1683561075269</millis>
  <nanos>599200</nanos>
  <sequence>6</sequence>
  <logger>IMT.events.ImtNetworkChangeEventGenerator</logger>
  <level>INFO</level>
  <class>IMT.events.ImtNetworkChangeEventGenerator</class>
  <method>addEventToNetwork</method>
  <thread>1</thread>
  <message>IMT Log: Arrival Time is less than incident End Time, Network Change Event Added Upon IMT Arrival. Request ID incident_23, # of IMTs 2, Full Capacity 112.00, Reduced Capacity 56.00, Current Capacity 108.50, Arrival Time 31906.377439571694</message>
</record>
<record>
  <date>2023-05-08T15:51:21.545079700Z</date>
  <millis>1683561081545</millis>
  <nanos>79700</nanos>
  <sequence>7</sequence>
  <logger>IMT.events.IncidentNetworkChangeEventGenerator</logger>
  <level>INFO</level>
  <class>IMT.events.IncidentNetworkChangeEventGenerator</class>
  <method>generateIncidentNetworkChangeEvents</method>
  <thread>1</thread>
  <message>IMT Log: Request ID incident_75, Link ID 11907, Full Capacity 112.00, Reduced Capacity 73.92, Start Time 31453.0, End Time 32700.0</message>
</record>
<record>
  <date>2023-05-08T15:51:21.566126500Z</date>
  <millis>1683561081566</millis>
  <nanos>126500</nanos>
  <sequence>8</sequence>
  <logger>IMT.events.ImtNetworkChangeEventGenerator</logger>
  <level>INFO</level>
  <class>IMT.optimizer.RequestHandler</class>
  <method>handleRequest</method>
  <thread>1</thread>
  <message>IMT Log: Arrival Time is greater than incident End Time, No IMT Network Change Event. Request ID incident_75, Arrival Time 34707.59667558452, End Time 32700.0</message>
</record>
<record>
  <date>2023-05-08T15:51:21.569135500Z</date>
  <millis>1683561081569</millis>
  <nanos>135500</nanos>
  <sequence>9</sequence>
  <logger>IMT.events.ImtNetworkChangeEventGenerator</logger>
  <level>INFO</level>
  <class>IMT.optimizer.RequestHandler</class>
  <method>handleRequest</method>
  <thread>1</thread>
  <message>IMT Log: Arrival Time is greater than incident End Time, No IMT Network Change Event. Request ID incident_75, Arrival Time 37979.215874841946, End Time 32700.0</message>
</record>
<record>
  <date>2023-05-08T15:51:27.316666500Z</date>
  <millis>1683561087316</millis>
  <nanos>666500</nanos>
  <sequence>10</sequence>
  <logger>IMT.events.IncidentNetworkChangeEventGenerator</logger>
  <level>INFO</level>
  <class>IMT.events.IncidentNetworkChangeEventGenerator</class>
  <method>generateIncidentNetworkChangeEvents</method>
  <thread>1</thread>
  <message>IMT Log: Request ID incident_128, Link ID 26499, Full Capacity 98.00, Reduced Capacity 71.54, Start Time 33719.0, End Time 36540.0</message>
</record>
<record>
  <date>2023-05-08T15:51:27.365726800Z</date>
  <millis>1683561087365</millis>
  <nanos>726800</nanos>
  <sequence>11</sequence>
  <logger>IMT.events.ImtNetworkChangeEventGenerator</logger>
  <level>INFO</level>
  <class>IMT.optimizer.RequestHandler</class>
  <method>handleRequest</method>
  <thread>1</thread>
  <message>IMT Log: Arrival Time is greater than incident End Time, No IMT Network Change Event. Request ID incident_128, Arrival Time 39559.760617972664, End Time 36540.0</message>
</record>
<record>
  <date>2023-05-08T15:51:36.836446400Z</date>
  <millis>1683561096836</millis>
  <nanos>446400</nanos>
  <sequence>12</sequence>
  <logger>IMT.events.IncidentNetworkChangeEventGenerator</logger>
  <level>INFO</level>
  <class>IMT.events.IncidentNetworkChangeEventGenerator</class>
  <method>generateIncidentNetworkChangeEvents</method>
  <thread>1</thread>
  <message>IMT Log: Request ID incident_58, Link ID 16143, Full Capacity 112.00, Reduced Capacity 96.32, Start Time 46236.0, End Time 47520.0</message>
</record>
<record>
  <date>2023-05-08T15:51:36.850474Z</date>
  <millis>1683561096850</millis>
  <nanos>474000</nanos>
  <sequence>13</sequence>
  <logger>IMT.events.ImtNetworkChangeEventGenerator</logger>
  <level>INFO</level>
  <class>IMT.optimizer.RequestHandler</class>
  <method>handleRequest</method>
  <thread>1</thread>
  <message>IMT Log: Arrival Time is greater than incident End Time, No IMT Network Change Event. Request ID incident_58, Arrival Time 47862.260932671474, End Time 47520.0</message>
</record>
<record>
  <date>2023-05-08T15:51:36.852504900Z</date>
  <millis>1683561096852</millis>
  <nanos>504900</nanos>
  <sequence>14</sequence>
  <logger>IMT.events.ImtNetworkChangeEventGenerator</logger>
  <level>INFO</level>
  <class>IMT.optimizer.RequestHandler</class>
  <method>handleRequest</method>
  <thread>1</thread>
  <message>IMT Log: Arrival Time is greater than incident End Time, No IMT Network Change Event. Request ID incident_58, Arrival Time 49786.35827525947, End Time 47520.0</message>
</record>
<record>
  <date>2023-05-08T15:51:37.461557100Z</date>
  <millis>1683561097461</millis>
  <nanos>557100</nanos>
  <sequence>15</sequence>
  <logger>IMT.events.IncidentNetworkChangeEventGenerator</logger>
  <level>INFO</level>
  <class>IMT.events.IncidentNetworkChangeEventGenerator</class>
  <method>generateIncidentNetworkChangeEvents</method>
  <thread>1</thread>
  <message>IMT Log: Request ID incident_45, Link ID 5243, Full Capacity 70.00, Reduced Capacity 58.10, Start Time 49003.0, End Time 50040.0</message>
</record>
<record>
  <date>2023-05-08T15:51:37.469581100Z</date>
  <millis>1683561097469</millis>
  <nanos>581100</nanos>
  <sequence>16</sequence>
  <logger>IMT.events.ImtNetworkChangeEventGenerator</logger>
  <level>INFO</level>
  <class>IMT.events.ImtNetworkChangeEventGenerator</class>
  <method>addEventToNetwork</method>
  <thread>1</thread>
  <message>IMT Log: Arrival Time is less than incident End Time, Network Change Event Added Upon IMT Arrival. Request ID incident_45, # of IMTs 1, Full Capacity 70.00, Reduced Capacity 58.10, Current Capacity 67.03, Arrival Time 49086.977977749266</message>
</record>
<record>
  <date>2023-05-08T15:51:38.542085100Z</date>
  <millis>1683561098542</millis>
  <nanos>85100</nanos>
  <sequence>17</sequence>
  <logger>IMT.events.IncidentNetworkChangeEventGenerator</logger>
  <level>INFO</level>
  <class>IMT.events.IncidentNetworkChangeEventGenerator</class>
  <method>generateIncidentNetworkChangeEvents</method>
  <thread>1</thread>
  <message>IMT Log: Request ID incident_166, Link ID 11670, Full Capacity 98.00, Reduced Capacity 65.66, Start Time 56568.0, End Time 57780.0</message>
</record>
<record>
  <date>2023-05-08T15:51:38.560083700Z</date>
  <millis>1683561098560</millis>
  <nanos>83700</nanos>
  <sequence>18</sequence>
  <logger>IMT.events.ImtNetworkChangeEventGenerator</logger>
  <level>INFO</level>
  <class>IMT.events.ImtNetworkChangeEventGenerator</class>
  <method>addEventToNetwork</method>
  <thread>1</thread>
  <message>IMT Log: Arrival Time is less than incident End Time, Network Change Event Added Upon IMT Arrival. Request ID incident_166, # of IMTs 1, Full Capacity 98.00, Reduced Capacity 65.66, Current Capacity 89.91, Arrival Time 35100.51221330099</message>
</record>
<record>
  <date>2023-05-08T15:51:38.812365100Z</date>
  <millis>1683561098812</millis>
  <nanos>365100</nanos>
  <sequence>19</sequence>
  <logger>IMT.events.IncidentNetworkChangeEventGenerator</logger>
  <level>INFO</level>
  <class>IMT.events.IncidentNetworkChangeEventGenerator</class>
  <method>generateIncidentNetworkChangeEvents</method>
  <thread>1</thread>
  <message>IMT Log: Request ID incident_109, Link ID 28783, Full Capacity 150.00, Reduced Capacity 112.50, Start Time 58717.0, End Time 61020.0</message>
</record>
<record>
  <date>2023-05-08T15:51:38.822360100Z</date>
  <millis>1683561098822</millis>
  <nanos>360100</nanos>
  <sequence>20</sequence>
  <logger>IMT.events.ImtNetworkChangeEventGenerator</logger>
  <level>INFO</level>
  <class>IMT.events.ImtNetworkChangeEventGenerator</class>
  <method>addEventToNetwork</method>
  <thread>1</thread>
  <message>IMT Log: Arrival Time is less than incident End Time, Network Change Event Added Upon IMT Arrival. Request ID incident_109, # of IMTs 1, Full Capacity 150.00, Reduced Capacity 112.50, Current Capacity 140.63, Arrival Time 50439.602663389946</message>
</record>
<record>
  <date>2023-05-08T15:51:39.582029300Z</date>
  <millis>1683561099582</millis>
  <nanos>29300</nanos>
  <sequence>21</sequence>
  <logger>IMT.events.IncidentNetworkChangeEventGenerator</logger>
  <level>INFO</level>
  <class>IMT.events.IncidentNetworkChangeEventGenerator</class>
  <method>generateIncidentNetworkChangeEvents</method>
  <thread>1</thread>
  <message>IMT Log: Request ID incident_87, Link ID 21258, Full Capacity 112.00, Reduced Capacity 89.60, Start Time 66830.0, End Time 73380.0</message>
</record>
<record>
  <date>2023-05-08T15:51:39.611042800Z</date>
  <millis>1683561099611</millis>
  <nanos>42800</nanos>
  <sequence>22</sequence>
  <logger>IMT.events.ImtNetworkChangeEventGenerator</logger>
  <level>INFO</level>
  <class>IMT.events.ImtNetworkChangeEventGenerator</class>
  <method>addEventToNetwork</method>
  <thread>1</thread>
  <message>IMT Log: Arrival Time is less than incident End Time, Network Change Event Added Upon IMT Arrival. Request ID incident_87, # of IMTs 1, Full Capacity 112.00, Reduced Capacity 89.60, Current Capacity 106.40, Arrival Time 63736.5878287589</message>
</record>
<record>
  <date>2023-05-08T15:52:29.672165700Z</date>
  <millis>1683561149672</millis>
  <nanos>165700</nanos>
  <sequence>23</sequence>
  <logger>IMT.events.IncidentNetworkChangeEventGenerator</logger>
  <level>INFO</level>
  <class>IMT.events.IncidentNetworkChangeEventGenerator</class>
  <method>generateIncidentNetworkChangeEvents</method>
  <thread>1</thread>
  <message>IMT Log: Request ID incident_12, Link ID 12632, Full Capacity 112.00, Reduced Capacity 89.60, Start Time 24618.0, End Time 27600.0</message>
</record>
<record>
  <date>2023-05-08T15:52:29.691220600Z</date>
  <millis>1683561149691</millis>
  <nanos>220600</nanos>
  <sequence>24</sequence>
  <logger>IMT.events.ImtNetworkChangeEventGenerator</logger>
  <level>INFO</level>
  <class>IMT.events.ImtNetworkChangeEventGenerator</class>
  <method>addEventToNetwork</method>
  <thread>1</thread>
  <message>IMT Log: Arrival Time is less than incident End Time, Network Change Event Added Upon IMT Arrival. Request ID incident_12, # of IMTs 1, Full Capacity 112.00, Reduced Capacity 89.60, Current Capacity 106.40, Arrival Time 25882.821801269343</message>
</record>
<record>
  <date>2023-05-08T15:52:30.150718300Z</date>
  <millis>1683561150150</millis>
  <nanos>718300</nanos>
  <sequence>25</sequence>
  <logger>IMT.events.IncidentNetworkChangeEventGenerator</logger>
  <level>INFO</level>
  <class>IMT.events.IncidentNetworkChangeEventGenerator</class>
  <method>generateIncidentNetworkChangeEvents</method>
  <thread>1</thread>
  <message>IMT Log: Request ID incident_94, Link ID 15443, Full Capacity 112.00, Reduced Capacity 88.48, Start Time 28519.0, End Time 29400.0</message>
</record>
<record>
  <date>2023-05-08T15:52:30.184774600Z</date>
  <millis>1683561150184</millis>
  <nanos>774600</nanos>
  <sequence>26</sequence>
  <logger>IMT.events.ImtNetworkChangeEventGenerator</logger>
  <level>INFO</level>
  <class>IMT.optimizer.RequestHandler</class>
  <method>handleRequest</method>
  <thread>1</thread>
  <message>IMT Log: Arrival Time is greater than incident End Time, No IMT Network Change Event. Request ID incident_94, Arrival Time 31274.32428933544, End Time 29400.0</message>
</record>
<record>
  <date>2023-05-08T15:52:36.379331400Z</date>
  <millis>1683561156379</millis>
  <nanos>331400</nanos>
  <sequence>27</sequence>
  <logger>IMT.events.IncidentNetworkChangeEventGenerator</logger>
  <level>INFO</level>
  <class>IMT.events.IncidentNetworkChangeEventGenerator</class>
  <method>generateIncidentNetworkChangeEvents</method>
  <thread>1</thread>
  <message>IMT Log: Request ID incident_23, Link ID 25876, Full Capacity 112.00, Reduced Capacity 56.00, Start Time 29817.0, End Time 34677.0</message>
</record>
<record>
  <date>2023-05-08T15:52:36.392331500Z</date>
  <millis>1683561156392</millis>
  <nanos>331500</nanos>
  <sequence>28</sequence>
  <logger>IMT.events.ImtNetworkChangeEventGenerator</logger>
  <level>INFO</level>
  <class>IMT.events.ImtNetworkChangeEventGenerator</class>
  <method>addEventToNetwork</method>
  <thread>1</thread>
  <message>IMT Log: Arrival Time is less than incident End Time, Network Change Event Added Upon IMT Arrival. Request ID incident_23, # of IMTs 2, Full Capacity 112.00, Reduced Capacity 56.00, Current Capacity 98.00, Arrival Time 33335.28150245577</message>
</record>
<record>
  <date>2023-05-08T15:52:36.394322Z</date>
  <millis>1683561156394</millis>
  <nanos>322000</nanos>
  <sequence>29</sequence>
  <logger>IMT.events.ImtNetworkChangeEventGenerator</logger>
  <level>INFO</level>
  <class>IMT.events.ImtNetworkChangeEventGenerator</class>
  <method>addEventToNetwork</method>
  <thread>1</thread>
  <message>IMT Log: Arrival Time is less than incident End Time, Network Change Event Added Upon IMT Arrival. Request ID incident_23, # of IMTs 2, Full Capacity 112.00, Reduced Capacity 56.00, Current Capacity 108.50, Arrival Time 31906.377439571694</message>
</record>
<record>
  <date>2023-05-08T15:52:44.263616400Z</date>
  <millis>1683561164263</millis>
  <nanos>616400</nanos>
  <sequence>30</sequence>
  <logger>IMT.events.IncidentNetworkChangeEventGenerator</logger>
  <level>INFO</level>
  <class>IMT.events.IncidentNetworkChangeEventGenerator</class>
  <method>generateIncidentNetworkChangeEvents</method>
  <thread>1</thread>
  <message>IMT Log: Request ID incident_75, Link ID 11907, Full Capacity 112.00, Reduced Capacity 73.92, Start Time 31453.0, End Time 32700.0</message>
</record>
<record>
  <date>2023-05-08T15:52:44.283624700Z</date>
  <millis>1683561164283</millis>
  <nanos>624700</nanos>
  <sequence>31</sequence>
  <logger>IMT.events.ImtNetworkChangeEventGenerator</logger>
  <level>INFO</level>
  <class>IMT.optimizer.RequestHandler</class>
  <method>handleRequest</method>
  <thread>1</thread>
  <message>IMT Log: Arrival Time is greater than incident End Time, No IMT Network Change Event. Request ID incident_75, Arrival Time 34707.59667558452, End Time 32700.0</message>
</record>
<record>
  <date>2023-05-08T15:52:44.286607700Z</date>
  <millis>1683561164286</millis>
  <nanos>607700</nanos>
  <sequence>32</sequence>
  <logger>IMT.events.ImtNetworkChangeEventGenerator</logger>
  <level>INFO</level>
  <class>IMT.optimizer.RequestHandler</class>
  <method>handleRequest</method>
  <thread>1</thread>
  <message>IMT Log: Arrival Time is greater than incident End Time, No IMT Network Change Event. Request ID incident_75, Arrival Time 37979.215874841946, End Time 32700.0</message>
</record>
<record>
  <date>2023-05-08T15:52:51.906006500Z</date>
  <millis>1683561171906</millis>
  <nanos>6500</nanos>
  <sequence>33</sequence>
  <logger>IMT.events.IncidentNetworkChangeEventGenerator</logger>
  <level>INFO</level>
  <class>IMT.events.IncidentNetworkChangeEventGenerator</class>
  <method>generateIncidentNetworkChangeEvents</method>
  <thread>1</thread>
  <message>IMT Log: Request ID incident_128, Link ID 26499, Full Capacity 98.00, Reduced Capacity 71.54, Start Time 33719.0, End Time 36540.0</message>
</record>
<record>
  <date>2023-05-08T15:52:51.958015100Z</date>
  <millis>1683561171958</millis>
  <nanos>15100</nanos>
  <sequence>34</sequence>
  <logger>IMT.events.ImtNetworkChangeEventGenerator</logger>
  <level>INFO</level>
  <class>IMT.optimizer.RequestHandler</class>
  <method>handleRequest</method>
  <thread>1</thread>
  <message>IMT Log: Arrival Time is greater than incident End Time, No IMT Network Change Event. Request ID incident_128, Arrival Time 39559.760617972664, End Time 36540.0</message>
</record>
<record>
  <date>2023-05-08T15:53:04.271046600Z</date>
  <millis>1683561184271</millis>
  <nanos>46600</nanos>
  <sequence>35</sequence>
  <logger>IMT.events.IncidentNetworkChangeEventGenerator</logger>
  <level>INFO</level>
  <class>IMT.events.IncidentNetworkChangeEventGenerator</class>
  <method>generateIncidentNetworkChangeEvents</method>
  <thread>1</thread>
  <message>IMT Log: Request ID incident_58, Link ID 16143, Full Capacity 112.00, Reduced Capacity 96.32, Start Time 46236.0, End Time 47520.0</message>
</record>
<record>
  <date>2023-05-08T15:53:04.282078700Z</date>
  <millis>1683561184282</millis>
  <nanos>78700</nanos>
  <sequence>36</sequence>
  <logger>IMT.events.ImtNetworkChangeEventGenerator</logger>
  <level>INFO</level>
  <class>IMT.optimizer.RequestHandler</class>
  <method>handleRequest</method>
  <thread>1</thread>
  <message>IMT Log: Arrival Time is greater than incident End Time, No IMT Network Change Event. Request ID incident_58, Arrival Time 47862.260932671474, End Time 47520.0</message>
</record>
<record>
  <date>2023-05-08T15:53:04.283057400Z</date>
  <millis>1683561184283</millis>
  <nanos>57400</nanos>
  <sequence>37</sequence>
  <logger>IMT.events.ImtNetworkChangeEventGenerator</logger>
  <level>INFO</level>
  <class>IMT.optimizer.RequestHandler</class>
  <method>handleRequest</method>
  <thread>1</thread>
  <message>IMT Log: Arrival Time is greater than incident End Time, No IMT Network Change Event. Request ID incident_58, Arrival Time 49786.35827525947, End Time 47520.0</message>
</record>
<record>
  <date>2023-05-08T15:53:04.807769100Z</date>
  <millis>1683561184807</millis>
  <nanos>769100</nanos>
  <sequence>38</sequence>
  <logger>IMT.events.IncidentNetworkChangeEventGenerator</logger>
  <level>INFO</level>
  <class>IMT.events.IncidentNetworkChangeEventGenerator</class>
  <method>generateIncidentNetworkChangeEvents</method>
  <thread>1</thread>
  <message>IMT Log: Request ID incident_45, Link ID 5243, Full Capacity 70.00, Reduced Capacity 58.10, Start Time 49003.0, End Time 50040.0</message>
</record>
<record>
  <date>2023-05-08T15:53:04.815799600Z</date>
  <millis>1683561184815</millis>
  <nanos>799600</nanos>
  <sequence>39</sequence>
  <logger>IMT.events.ImtNetworkChangeEventGenerator</logger>
  <level>INFO</level>
  <class>IMT.events.ImtNetworkChangeEventGenerator</class>
  <method>addEventToNetwork</method>
  <thread>1</thread>
  <message>IMT Log: Arrival Time is less than incident End Time, Network Change Event Added Upon IMT Arrival. Request ID incident_45, # of IMTs 1, Full Capacity 70.00, Reduced Capacity 58.10, Current Capacity 67.03, Arrival Time 49086.977977749266</message>
</record>
<record>
  <date>2023-05-08T15:53:05.888871800Z</date>
  <millis>1683561185888</millis>
  <nanos>871800</nanos>
  <sequence>40</sequence>
  <logger>IMT.events.IncidentNetworkChangeEventGenerator</logger>
  <level>INFO</level>
  <class>IMT.events.IncidentNetworkChangeEventGenerator</class>
  <method>generateIncidentNetworkChangeEvents</method>
  <thread>1</thread>
  <message>IMT Log: Request ID incident_166, Link ID 11670, Full Capacity 98.00, Reduced Capacity 65.66, Start Time 56568.0, End Time 57780.0</message>
</record>
<record>
  <date>2023-05-08T15:53:05.907901300Z</date>
  <millis>1683561185907</millis>
  <nanos>901300</nanos>
  <sequence>41</sequence>
  <logger>IMT.events.ImtNetworkChangeEventGenerator</logger>
  <level>INFO</level>
  <class>IMT.events.ImtNetworkChangeEventGenerator</class>
  <method>addEventToNetwork</method>
  <thread>1</thread>
  <message>IMT Log: Arrival Time is less than incident End Time, Network Change Event Added Upon IMT Arrival. Request ID incident_166, # of IMTs 1, Full Capacity 98.00, Reduced Capacity 65.66, Current Capacity 89.91, Arrival Time 35100.51221330099</message>
</record>
<record>
  <date>2023-05-08T15:53:06.139394500Z</date>
  <millis>1683561186139</millis>
  <nanos>394500</nanos>
  <sequence>42</sequence>
  <logger>IMT.events.IncidentNetworkChangeEventGenerator</logger>
  <level>INFO</level>
  <class>IMT.events.IncidentNetworkChangeEventGenerator</class>
  <method>generateIncidentNetworkChangeEvents</method>
  <thread>1</thread>
  <message>IMT Log: Request ID incident_109, Link ID 28783, Full Capacity 150.00, Reduced Capacity 112.50, Start Time 58717.0, End Time 61020.0</message>
</record>
<record>
  <date>2023-05-08T15:53:06.148427500Z</date>
  <millis>1683561186148</millis>
  <nanos>427500</nanos>
  <sequence>43</sequence>
  <logger>IMT.events.ImtNetworkChangeEventGenerator</logger>
  <level>INFO</level>
  <class>IMT.events.ImtNetworkChangeEventGenerator</class>
  <method>addEventToNetwork</method>
  <thread>1</thread>
  <message>IMT Log: Arrival Time is less than incident End Time, Network Change Event Added Upon IMT Arrival. Request ID incident_109, # of IMTs 1, Full Capacity 150.00, Reduced Capacity 112.50, Current Capacity 140.63, Arrival Time 50439.602663389946</message>
</record>
<record>
  <date>2023-05-08T15:53:06.898999100Z</date>
  <millis>1683561186898</millis>
  <nanos>999100</nanos>
  <sequence>44</sequence>
  <logger>IMT.events.IncidentNetworkChangeEventGenerator</logger>
  <level>INFO</level>
  <class>IMT.events.IncidentNetworkChangeEventGenerator</class>
  <method>generateIncidentNetworkChangeEvents</method>
  <thread>1</thread>
  <message>IMT Log: Request ID incident_87, Link ID 21258, Full Capacity 112.00, Reduced Capacity 89.60, Start Time 66830.0, End Time 73380.0</message>
</record>
<record>
  <date>2023-05-08T15:53:06.923031600Z</date>
  <millis>1683561186923</millis>
  <nanos>31600</nanos>
  <sequence>45</sequence>
  <logger>IMT.events.ImtNetworkChangeEventGenerator</logger>
  <level>INFO</level>
  <class>IMT.events.ImtNetworkChangeEventGenerator</class>
  <method>addEventToNetwork</method>
  <thread>1</thread>
  <message>IMT Log: Arrival Time is less than incident End Time, Network Change Event Added Upon IMT Arrival. Request ID incident_87, # of IMTs 1, Full Capacity 112.00, Reduced Capacity 89.60, Current Capacity 106.40, Arrival Time 63736.5878287589</message>
</record>
<record>
  <date>2023-05-08T15:53:55.401047900Z</date>
  <millis>1683561235401</millis>
  <nanos>47900</nanos>
  <sequence>46</sequence>
  <logger>IMT.events.IncidentNetworkChangeEventGenerator</logger>
  <level>INFO</level>
  <class>IMT.events.IncidentNetworkChangeEventGenerator</class>
  <method>generateIncidentNetworkChangeEvents</method>
  <thread>1</thread>
  <message>IMT Log: Request ID incident_12, Link ID 12632, Full Capacity 112.00, Reduced Capacity 89.60, Start Time 24618.0, End Time 27600.0</message>
</record>
<record>
  <date>2023-05-08T15:53:55.419086100Z</date>
  <millis>1683561235419</millis>
  <nanos>86100</nanos>
  <sequence>47</sequence>
  <logger>IMT.events.ImtNetworkChangeEventGenerator</logger>
  <level>INFO</level>
  <class>IMT.events.ImtNetworkChangeEventGenerator</class>
  <method>addEventToNetwork</method>
  <thread>1</thread>
  <message>IMT Log: Arrival Time is less than incident End Time, Network Change Event Added Upon IMT Arrival. Request ID incident_12, # of IMTs 1, Full Capacity 112.00, Reduced Capacity 89.60, Current Capacity 106.40, Arrival Time 25882.821801269343</message>
</record>
<record>
  <date>2023-05-08T15:53:55.874854800Z</date>
  <millis>1683561235874</millis>
  <nanos>854800</nanos>
  <sequence>48</sequence>
  <logger>IMT.events.IncidentNetworkChangeEventGenerator</logger>
  <level>INFO</level>
  <class>IMT.events.IncidentNetworkChangeEventGenerator</class>
  <method>generateIncidentNetworkChangeEvents</method>
  <thread>1</thread>
  <message>IMT Log: Request ID incident_94, Link ID 15443, Full Capacity 112.00, Reduced Capacity 88.48, Start Time 28519.0, End Time 29400.0</message>
</record>
<record>
  <date>2023-05-08T15:53:55.897927300Z</date>
  <millis>1683561235897</millis>
  <nanos>927300</nanos>
  <sequence>49</sequence>
  <logger>IMT.events.ImtNetworkChangeEventGenerator</logger>
  <level>INFO</level>
  <class>IMT.optimizer.RequestHandler</class>
  <method>handleRequest</method>
  <thread>1</thread>
  <message>IMT Log: Arrival Time is greater than incident End Time, No IMT Network Change Event. Request ID incident_94, Arrival Time 31274.32428933544, End Time 29400.0</message>
</record>
<record>
  <date>2023-05-08T15:54:01.904788600Z</date>
  <millis>1683561241904</millis>
  <nanos>788600</nanos>
  <sequence>50</sequence>
  <logger>IMT.events.IncidentNetworkChangeEventGenerator</logger>
  <level>INFO</level>
  <class>IMT.events.IncidentNetworkChangeEventGenerator</class>
  <method>generateIncidentNetworkChangeEvents</method>
  <thread>1</thread>
  <message>IMT Log: Request ID incident_23, Link ID 25876, Full Capacity 112.00, Reduced Capacity 56.00, Start Time 29817.0, End Time 34677.0</message>
</record>
<record>
  <date>2023-05-08T15:54:01.914816300Z</date>
  <millis>1683561241914</millis>
  <nanos>816300</nanos>
  <sequence>51</sequence>
  <logger>IMT.events.ImtNetworkChangeEventGenerator</logger>
  <level>INFO</level>
  <class>IMT.events.ImtNetworkChangeEventGenerator</class>
  <method>addEventToNetwork</method>
  <thread>1</thread>
  <message>IMT Log: Arrival Time is less than incident End Time, Network Change Event Added Upon IMT Arrival. Request ID incident_23, # of IMTs 2, Full Capacity 112.00, Reduced Capacity 56.00, Current Capacity 98.00, Arrival Time 33335.28150245577</message>
</record>
<record>
  <date>2023-05-08T15:54:01.915800500Z</date>
  <millis>1683561241915</millis>
  <nanos>800500</nanos>
  <sequence>52</sequence>
  <logger>IMT.events.ImtNetworkChangeEventGenerator</logger>
  <level>INFO</level>
  <class>IMT.events.ImtNetworkChangeEventGenerator</class>
  <method>addEventToNetwork</method>
  <thread>1</thread>
  <message>IMT Log: Arrival Time is less than incident End Time, Network Change Event Added Upon IMT Arrival. Request ID incident_23, # of IMTs 2, Full Capacity 112.00, Reduced Capacity 56.00, Current Capacity 108.50, Arrival Time 31906.377439571694</message>
</record>
<record>
  <date>2023-05-08T15:54:10.433393Z</date>
  <millis>1683561250433</millis>
  <nanos>393000</nanos>
  <sequence>53</sequence>
  <logger>IMT.events.IncidentNetworkChangeEventGenerator</logger>
  <level>INFO</level>
  <class>IMT.events.IncidentNetworkChangeEventGenerator</class>
  <method>generateIncidentNetworkChangeEvents</method>
  <thread>1</thread>
  <message>IMT Log: Request ID incident_75, Link ID 11907, Full Capacity 112.00, Reduced Capacity 73.92, Start Time 31453.0, End Time 32700.0</message>
</record>
<record>
  <date>2023-05-08T15:54:10.454405700Z</date>
  <millis>1683561250454</millis>
  <nanos>405700</nanos>
  <sequence>54</sequence>
  <logger>IMT.events.ImtNetworkChangeEventGenerator</logger>
  <level>INFO</level>
  <class>IMT.optimizer.RequestHandler</class>
  <method>handleRequest</method>
  <thread>1</thread>
  <message>IMT Log: Arrival Time is greater than incident End Time, No IMT Network Change Event. Request ID incident_75, Arrival Time 34707.59667558452, End Time 32700.0</message>
</record>
<record>
  <date>2023-05-08T15:54:10.457391500Z</date>
  <millis>1683561250457</millis>
  <nanos>391500</nanos>
  <sequence>55</sequence>
  <logger>IMT.events.ImtNetworkChangeEventGenerator</logger>
  <level>INFO</level>
  <class>IMT.optimizer.RequestHandler</class>
  <method>handleRequest</method>
  <thread>1</thread>
  <message>IMT Log: Arrival Time is greater than incident End Time, No IMT Network Change Event. Request ID incident_75, Arrival Time 37979.215874841946, End Time 32700.0</message>
</record>
<record>
  <date>2023-05-08T15:54:19.056702100Z</date>
  <millis>1683561259056</millis>
  <nanos>702100</nanos>
  <sequence>56</sequence>
  <logger>IMT.events.IncidentNetworkChangeEventGenerator</logger>
  <level>INFO</level>
  <class>IMT.events.IncidentNetworkChangeEventGenerator</class>
  <method>generateIncidentNetworkChangeEvents</method>
  <thread>1</thread>
  <message>IMT Log: Request ID incident_128, Link ID 26499, Full Capacity 98.00, Reduced Capacity 71.54, Start Time 33719.0, End Time 36540.0</message>
</record>
<record>
  <date>2023-05-08T15:54:19.100700900Z</date>
  <millis>1683561259100</millis>
  <nanos>700900</nanos>
  <sequence>57</sequence>
  <logger>IMT.events.ImtNetworkChangeEventGenerator</logger>
  <level>INFO</level>
  <class>IMT.optimizer.RequestHandler</class>
  <method>handleRequest</method>
  <thread>1</thread>
  <message>IMT Log: Arrival Time is greater than incident End Time, No IMT Network Change Event. Request ID incident_128, Arrival Time 39559.760617972664, End Time 36540.0</message>
</record>
<record>
  <date>2023-05-08T15:54:31.401285200Z</date>
  <millis>1683561271401</millis>
  <nanos>285200</nanos>
  <sequence>58</sequence>
  <logger>IMT.events.IncidentNetworkChangeEventGenerator</logger>
  <level>INFO</level>
  <class>IMT.events.IncidentNetworkChangeEventGenerator</class>
  <method>generateIncidentNetworkChangeEvents</method>
  <thread>1</thread>
  <message>IMT Log: Request ID incident_58, Link ID 16143, Full Capacity 112.00, Reduced Capacity 96.32, Start Time 46236.0, End Time 47520.0</message>
</record>
<record>
  <date>2023-05-08T15:54:31.412315600Z</date>
  <millis>1683561271412</millis>
  <nanos>315600</nanos>
  <sequence>59</sequence>
  <logger>IMT.events.ImtNetworkChangeEventGenerator</logger>
  <level>INFO</level>
  <class>IMT.optimizer.RequestHandler</class>
  <method>handleRequest</method>
  <thread>1</thread>
  <message>IMT Log: Arrival Time is greater than incident End Time, No IMT Network Change Event. Request ID incident_58, Arrival Time 47862.260932671474, End Time 47520.0</message>
</record>
<record>
  <date>2023-05-08T15:54:31.413313500Z</date>
  <millis>1683561271413</millis>
  <nanos>313500</nanos>
  <sequence>60</sequence>
  <logger>IMT.events.ImtNetworkChangeEventGenerator</logger>
  <level>INFO</level>
  <class>IMT.optimizer.RequestHandler</class>
  <method>handleRequest</method>
  <thread>1</thread>
  <message>IMT Log: Arrival Time is greater than incident End Time, No IMT Network Change Event. Request ID incident_58, Arrival Time 49786.35827525947, End Time 47520.0</message>
</record>
<record>
  <date>2023-05-08T15:54:31.905173700Z</date>
  <millis>1683561271905</millis>
  <nanos>173700</nanos>
  <sequence>61</sequence>
  <logger>IMT.events.IncidentNetworkChangeEventGenerator</logger>
  <level>INFO</level>
  <class>IMT.events.IncidentNetworkChangeEventGenerator</class>
  <method>generateIncidentNetworkChangeEvents</method>
  <thread>1</thread>
  <message>IMT Log: Request ID incident_45, Link ID 5243, Full Capacity 70.00, Reduced Capacity 58.10, Start Time 49003.0, End Time 50040.0</message>
</record>
<record>
  <date>2023-05-08T15:54:31.912208400Z</date>
  <millis>1683561271912</millis>
  <nanos>208400</nanos>
  <sequence>62</sequence>
  <logger>IMT.events.ImtNetworkChangeEventGenerator</logger>
  <level>INFO</level>
  <class>IMT.events.ImtNetworkChangeEventGenerator</class>
  <method>addEventToNetwork</method>
  <thread>1</thread>
  <message>IMT Log: Arrival Time is less than incident End Time, Network Change Event Added Upon IMT Arrival. Request ID incident_45, # of IMTs 1, Full Capacity 70.00, Reduced Capacity 58.10, Current Capacity 67.03, Arrival Time 49086.977977749266</message>
</record>
<record>
  <date>2023-05-08T15:54:32.852351700Z</date>
  <millis>1683561272852</millis>
  <nanos>351700</nanos>
  <sequence>63</sequence>
  <logger>IMT.events.IncidentNetworkChangeEventGenerator</logger>
  <level>INFO</level>
  <class>IMT.events.IncidentNetworkChangeEventGenerator</class>
  <method>generateIncidentNetworkChangeEvents</method>
  <thread>1</thread>
  <message>IMT Log: Request ID incident_166, Link ID 11670, Full Capacity 98.00, Reduced Capacity 65.66, Start Time 56568.0, End Time 57780.0</message>
</record>
<record>
  <date>2023-05-08T15:54:32.872350Z</date>
  <millis>1683561272872</millis>
  <nanos>350000</nanos>
  <sequence>64</sequence>
  <logger>IMT.events.ImtNetworkChangeEventGenerator</logger>
  <level>INFO</level>
  <class>IMT.events.ImtNetworkChangeEventGenerator</class>
  <method>addEventToNetwork</method>
  <thread>1</thread>
  <message>IMT Log: Arrival Time is less than incident End Time, Network Change Event Added Upon IMT Arrival. Request ID incident_166, # of IMTs 1, Full Capacity 98.00, Reduced Capacity 65.66, Current Capacity 89.91, Arrival Time 35100.51221330099</message>
</record>
<record>
  <date>2023-05-08T15:54:33.075990300Z</date>
  <millis>1683561273075</millis>
  <nanos>990300</nanos>
  <sequence>65</sequence>
  <logger>IMT.events.IncidentNetworkChangeEventGenerator</logger>
  <level>INFO</level>
  <class>IMT.events.IncidentNetworkChangeEventGenerator</class>
  <method>generateIncidentNetworkChangeEvents</method>
  <thread>1</thread>
  <message>IMT Log: Request ID incident_109, Link ID 28783, Full Capacity 150.00, Reduced Capacity 112.50, Start Time 58717.0, End Time 61020.0</message>
</record>
<record>
  <date>2023-05-08T15:54:33.085016500Z</date>
  <millis>1683561273085</millis>
  <nanos>16500</nanos>
  <sequence>66</sequence>
  <logger>IMT.events.ImtNetworkChangeEventGenerator</logger>
  <level>INFO</level>
  <class>IMT.events.ImtNetworkChangeEventGenerator</class>
  <method>addEventToNetwork</method>
  <thread>1</thread>
  <message>IMT Log: Arrival Time is less than incident End Time, Network Change Event Added Upon IMT Arrival. Request ID incident_109, # of IMTs 1, Full Capacity 150.00, Reduced Capacity 112.50, Current Capacity 140.63, Arrival Time 50439.602663389946</message>
</record>
<record>
  <date>2023-05-08T15:54:33.802609700Z</date>
  <millis>1683561273802</millis>
  <nanos>609700</nanos>
  <sequence>67</sequence>
  <logger>IMT.events.IncidentNetworkChangeEventGenerator</logger>
  <level>INFO</level>
  <class>IMT.events.IncidentNetworkChangeEventGenerator</class>
  <method>generateIncidentNetworkChangeEvents</method>
  <thread>1</thread>
  <message>IMT Log: Request ID incident_87, Link ID 21258, Full Capacity 112.00, Reduced Capacity 89.60, Start Time 66830.0, End Time 73380.0</message>
</record>
<record>
  <date>2023-05-08T15:54:33.826638400Z</date>
  <millis>1683561273826</millis>
  <nanos>638400</nanos>
  <sequence>68</sequence>
  <logger>IMT.events.ImtNetworkChangeEventGenerator</logger>
  <level>INFO</level>
  <class>IMT.events.ImtNetworkChangeEventGenerator</class>
  <method>addEventToNetwork</method>
  <thread>1</thread>
  <message>IMT Log: Arrival Time is less than incident End Time, Network Change Event Added Upon IMT Arrival. Request ID incident_87, # of IMTs 1, Full Capacity 112.00, Reduced Capacity 89.60, Current Capacity 106.40, Arrival Time 63736.5878287589</message>
</record>
<record>
  <date>2023-05-08T15:55:34.583178600Z</date>
  <millis>1683561334583</millis>
  <nanos>178600</nanos>
  <sequence>69</sequence>
  <logger>IMT.events.IncidentNetworkChangeEventGenerator</logger>
  <level>INFO</level>
  <class>IMT.events.IncidentNetworkChangeEventGenerator</class>
  <method>generateIncidentNetworkChangeEvents</method>
  <thread>1</thread>
  <message>IMT Log: Request ID incident_12, Link ID 12632, Full Capacity 112.00, Reduced Capacity 89.60, Start Time 24618.0, End Time 27600.0</message>
</record>
<record>
  <date>2023-05-08T15:55:34.600223900Z</date>
  <millis>1683561334600</millis>
  <nanos>223900</nanos>
  <sequence>70</sequence>
  <logger>IMT.events.ImtNetworkChangeEventGenerator</logger>
  <level>INFO</level>
  <class>IMT.events.ImtNetworkChangeEventGenerator</class>
  <method>addEventToNetwork</method>
  <thread>1</thread>
  <message>IMT Log: Arrival Time is less than incident End Time, Network Change Event Added Upon IMT Arrival. Request ID incident_12, # of IMTs 1, Full Capacity 112.00, Reduced Capacity 89.60, Current Capacity 106.40, Arrival Time 25882.821801269343</message>
</record>
<record>
  <date>2023-05-08T15:55:35.546480700Z</date>
  <millis>1683561335546</millis>
  <nanos>480700</nanos>
  <sequence>71</sequence>
  <logger>IMT.events.IncidentNetworkChangeEventGenerator</logger>
  <level>INFO</level>
  <class>IMT.events.IncidentNetworkChangeEventGenerator</class>
  <method>generateIncidentNetworkChangeEvents</method>
  <thread>1</thread>
  <message>IMT Log: Request ID incident_94, Link ID 15443, Full Capacity 112.00, Reduced Capacity 88.48, Start Time 28519.0, End Time 29400.0</message>
</record>
<record>
  <date>2023-05-08T15:55:35.570501600Z</date>
  <millis>1683561335570</millis>
  <nanos>501600</nanos>
  <sequence>72</sequence>
  <logger>IMT.events.ImtNetworkChangeEventGenerator</logger>
  <level>INFO</level>
  <class>IMT.optimizer.RequestHandler</class>
  <method>handleRequest</method>
  <thread>1</thread>
  <message>IMT Log: Arrival Time is greater than incident End Time, No IMT Network Change Event. Request ID incident_94, Arrival Time 31274.32428933544, End Time 29400.0</message>
</record>
<record>
  <date>2023-05-08T15:55:42.402170400Z</date>
  <millis>1683561342402</millis>
  <nanos>170400</nanos>
  <sequence>73</sequence>
  <logger>IMT.events.IncidentNetworkChangeEventGenerator</logger>
  <level>INFO</level>
  <class>IMT.events.IncidentNetworkChangeEventGenerator</class>
  <method>generateIncidentNetworkChangeEvents</method>
  <thread>1</thread>
  <message>IMT Log: Request ID incident_23, Link ID 25876, Full Capacity 112.00, Reduced Capacity 56.00, Start Time 29817.0, End Time 34677.0</message>
</record>
<record>
  <date>2023-05-08T15:55:42.419165300Z</date>
  <millis>1683561342419</millis>
  <nanos>165300</nanos>
  <sequence>74</sequence>
  <logger>IMT.events.ImtNetworkChangeEventGenerator</logger>
  <level>INFO</level>
  <class>IMT.events.ImtNetworkChangeEventGenerator</class>
  <method>addEventToNetwork</method>
  <thread>1</thread>
  <message>IMT Log: Arrival Time is less than incident End Time, Network Change Event Added Upon IMT Arrival. Request ID incident_23, # of IMTs 2, Full Capacity 112.00, Reduced Capacity 56.00, Current Capacity 98.00, Arrival Time 33335.28150245577</message>
</record>
<record>
  <date>2023-05-08T15:55:42.420167600Z</date>
  <millis>1683561342420</millis>
  <nanos>167600</nanos>
  <sequence>75</sequence>
  <logger>IMT.events.ImtNetworkChangeEventGenerator</logger>
  <level>INFO</level>
  <class>IMT.events.ImtNetworkChangeEventGenerator</class>
  <method>addEventToNetwork</method>
  <thread>1</thread>
  <message>IMT Log: Arrival Time is less than incident End Time, Network Change Event Added Upon IMT Arrival. Request ID incident_23, # of IMTs 2, Full Capacity 112.00, Reduced Capacity 56.00, Current Capacity 108.50, Arrival Time 31906.377439571694</message>
</record>
<record>
  <date>2023-05-08T15:55:51.365443900Z</date>
  <millis>1683561351365</millis>
  <nanos>443900</nanos>
  <sequence>76</sequence>
  <logger>IMT.events.IncidentNetworkChangeEventGenerator</logger>
  <level>INFO</level>
  <class>IMT.events.IncidentNetworkChangeEventGenerator</class>
  <method>generateIncidentNetworkChangeEvents</method>
  <thread>1</thread>
  <message>IMT Log: Request ID incident_75, Link ID 11907, Full Capacity 112.00, Reduced Capacity 73.92, Start Time 31453.0, End Time 32700.0</message>
</record>
<record>
  <date>2023-05-08T15:55:51.405667300Z</date>
  <millis>1683561351405</millis>
  <nanos>667300</nanos>
  <sequence>77</sequence>
  <logger>IMT.events.ImtNetworkChangeEventGenerator</logger>
  <level>INFO</level>
  <class>IMT.optimizer.RequestHandler</class>
  <method>handleRequest</method>
  <thread>1</thread>
  <message>IMT Log: Arrival Time is greater than incident End Time, No IMT Network Change Event. Request ID incident_75, Arrival Time 34707.59667558452, End Time 32700.0</message>
</record>
<record>
  <date>2023-05-08T15:55:51.411670600Z</date>
  <millis>1683561351411</millis>
  <nanos>670600</nanos>
  <sequence>78</sequence>
  <logger>IMT.events.ImtNetworkChangeEventGenerator</logger>
  <level>INFO</level>
  <class>IMT.optimizer.RequestHandler</class>
  <method>handleRequest</method>
  <thread>1</thread>
  <message>IMT Log: Arrival Time is greater than incident End Time, No IMT Network Change Event. Request ID incident_75, Arrival Time 37979.215874841946, End Time 32700.0</message>
</record>
<record>
  <date>2023-05-08T15:55:58.946859600Z</date>
  <millis>1683561358946</millis>
  <nanos>859600</nanos>
  <sequence>79</sequence>
  <logger>IMT.events.IncidentNetworkChangeEventGenerator</logger>
  <level>INFO</level>
  <class>IMT.events.IncidentNetworkChangeEventGenerator</class>
  <method>generateIncidentNetworkChangeEvents</method>
  <thread>1</thread>
  <message>IMT Log: Request ID incident_128, Link ID 26499, Full Capacity 98.00, Reduced Capacity 71.54, Start Time 33719.0, End Time 36540.0</message>
</record>
<record>
  <date>2023-05-08T15:55:58.992927100Z</date>
  <millis>1683561358992</millis>
  <nanos>927100</nanos>
  <sequence>80</sequence>
  <logger>IMT.events.ImtNetworkChangeEventGenerator</logger>
  <level>INFO</level>
  <class>IMT.optimizer.RequestHandler</class>
  <method>handleRequest</method>
  <thread>1</thread>
  <message>IMT Log: Arrival Time is greater than incident End Time, No IMT Network Change Event. Request ID incident_128, Arrival Time 39559.760617972664, End Time 36540.0</message>
</record>
<record>
  <date>2023-05-08T15:56:11.873618200Z</date>
  <millis>1683561371873</millis>
  <nanos>618200</nanos>
  <sequence>81</sequence>
  <logger>IMT.events.IncidentNetworkChangeEventGenerator</logger>
  <level>INFO</level>
  <class>IMT.events.IncidentNetworkChangeEventGenerator</class>
  <method>generateIncidentNetworkChangeEvents</method>
  <thread>1</thread>
  <message>IMT Log: Request ID incident_58, Link ID 16143, Full Capacity 112.00, Reduced Capacity 96.32, Start Time 46236.0, End Time 47520.0</message>
</record>
<record>
  <date>2023-05-08T15:56:11.884651600Z</date>
  <millis>1683561371884</millis>
  <nanos>651600</nanos>
  <sequence>82</sequence>
  <logger>IMT.events.ImtNetworkChangeEventGenerator</logger>
  <level>INFO</level>
  <class>IMT.optimizer.RequestHandler</class>
  <method>handleRequest</method>
  <thread>1</thread>
  <message>IMT Log: Arrival Time is greater than incident End Time, No IMT Network Change Event. Request ID incident_58, Arrival Time 47862.260932671474, End Time 47520.0</message>
</record>
<record>
  <date>2023-05-08T15:56:11.886634600Z</date>
  <millis>1683561371886</millis>
  <nanos>634600</nanos>
  <sequence>83</sequence>
  <logger>IMT.events.ImtNetworkChangeEventGenerator</logger>
  <level>INFO</level>
  <class>IMT.optimizer.RequestHandler</class>
  <method>handleRequest</method>
  <thread>1</thread>
  <message>IMT Log: Arrival Time is greater than incident End Time, No IMT Network Change Event. Request ID incident_58, Arrival Time 49786.35827525947, End Time 47520.0</message>
</record>
<record>
  <date>2023-05-08T15:56:12.384849400Z</date>
  <millis>1683561372384</millis>
  <nanos>849400</nanos>
  <sequence>84</sequence>
  <logger>IMT.events.IncidentNetworkChangeEventGenerator</logger>
  <level>INFO</level>
  <class>IMT.events.IncidentNetworkChangeEventGenerator</class>
  <method>generateIncidentNetworkChangeEvents</method>
  <thread>1</thread>
  <message>IMT Log: Request ID incident_45, Link ID 5243, Full Capacity 70.00, Reduced Capacity 58.10, Start Time 49003.0, End Time 50040.0</message>
</record>
<record>
  <date>2023-05-08T15:56:12.392861100Z</date>
  <millis>1683561372392</millis>
  <nanos>861100</nanos>
  <sequence>85</sequence>
  <logger>IMT.events.ImtNetworkChangeEventGenerator</logger>
  <level>INFO</level>
  <class>IMT.events.ImtNetworkChangeEventGenerator</class>
  <method>addEventToNetwork</method>
  <thread>1</thread>
  <message>IMT Log: Arrival Time is less than incident End Time, Network Change Event Added Upon IMT Arrival. Request ID incident_45, # of IMTs 1, Full Capacity 70.00, Reduced Capacity 58.10, Current Capacity 67.03, Arrival Time 49086.977977749266</message>
</record>
<record>
  <date>2023-05-08T15:56:13.409262600Z</date>
  <millis>1683561373409</millis>
  <nanos>262600</nanos>
  <sequence>86</sequence>
  <logger>IMT.events.IncidentNetworkChangeEventGenerator</logger>
  <level>INFO</level>
  <class>IMT.events.IncidentNetworkChangeEventGenerator</class>
  <method>generateIncidentNetworkChangeEvents</method>
  <thread>1</thread>
  <message>IMT Log: Request ID incident_166, Link ID 11670, Full Capacity 98.00, Reduced Capacity 65.66, Start Time 56568.0, End Time 57780.0</message>
</record>
<record>
  <date>2023-05-08T15:56:13.428763700Z</date>
  <millis>1683561373428</millis>
  <nanos>763700</nanos>
  <sequence>87</sequence>
  <logger>IMT.events.ImtNetworkChangeEventGenerator</logger>
  <level>INFO</level>
  <class>IMT.events.ImtNetworkChangeEventGenerator</class>
  <method>addEventToNetwork</method>
  <thread>1</thread>
  <message>IMT Log: Arrival Time is less than incident End Time, Network Change Event Added Upon IMT Arrival. Request ID incident_166, # of IMTs 1, Full Capacity 98.00, Reduced Capacity 65.66, Current Capacity 89.91, Arrival Time 35100.51221330099</message>
</record>
<record>
  <date>2023-05-08T15:56:13.645749400Z</date>
  <millis>1683561373645</millis>
  <nanos>749400</nanos>
  <sequence>88</sequence>
  <logger>IMT.events.IncidentNetworkChangeEventGenerator</logger>
  <level>INFO</level>
  <class>IMT.events.IncidentNetworkChangeEventGenerator</class>
  <method>generateIncidentNetworkChangeEvents</method>
  <thread>1</thread>
  <message>IMT Log: Request ID incident_109, Link ID 28783, Full Capacity 150.00, Reduced Capacity 112.50, Start Time 58717.0, End Time 61020.0</message>
</record>
<record>
  <date>2023-05-08T15:56:13.656756900Z</date>
  <millis>1683561373656</millis>
  <nanos>756900</nanos>
  <sequence>89</sequence>
  <logger>IMT.events.ImtNetworkChangeEventGenerator</logger>
  <level>INFO</level>
  <class>IMT.events.ImtNetworkChangeEventGenerator</class>
  <method>addEventToNetwork</method>
  <thread>1</thread>
  <message>IMT Log: Arrival Time is less than incident End Time, Network Change Event Added Upon IMT Arrival. Request ID incident_109, # of IMTs 1, Full Capacity 150.00, Reduced Capacity 112.50, Current Capacity 140.63, Arrival Time 50439.602663389946</message>
</record>
<record>
  <date>2023-05-08T15:56:14.365031Z</date>
  <millis>1683561374365</millis>
  <nanos>31000</nanos>
  <sequence>90</sequence>
  <logger>IMT.events.IncidentNetworkChangeEventGenerator</logger>
  <level>INFO</level>
  <class>IMT.events.IncidentNetworkChangeEventGenerator</class>
  <method>generateIncidentNetworkChangeEvents</method>
  <thread>1</thread>
  <message>IMT Log: Request ID incident_87, Link ID 21258, Full Capacity 112.00, Reduced Capacity 89.60, Start Time 66830.0, End Time 73380.0</message>
</record>
<record>
  <date>2023-05-08T15:56:14.390035700Z</date>
  <millis>1683561374390</millis>
  <nanos>35700</nanos>
  <sequence>91</sequence>
  <logger>IMT.events.ImtNetworkChangeEventGenerator</logger>
  <level>INFO</level>
  <class>IMT.events.ImtNetworkChangeEventGenerator</class>
  <method>addEventToNetwork</method>
  <thread>1</thread>
  <message>IMT Log: Arrival Time is less than incident End Time, Network Change Event Added Upon IMT Arrival. Request ID incident_87, # of IMTs 1, Full Capacity 112.00, Reduced Capacity 89.60, Current Capacity 106.40, Arrival Time 63736.5878287589</message>
</record>
</log>
